<?xml version="1.0" encoding="UTF-8" ?>
<testsuite failures="0" time="0.04" errors="0" skipped="0" tests="1" name="org.displaytag.jsptests.Displ209Test">
  <properties>
    <property name="java.runtime.name" value="OpenJDK Runtime Environment"/>
    <property name="java.protocol.handler.pkgs" value="com.sun.net.ssl.internal.www.protocol"/>
    <property name="sun.boot.library.path" value="/usr/lib/jvm/java-6-openjdk-amd64/jre/lib/amd64"/>
    <property name="java.vm.version" value="20.0-b12"/>
    <property name="java.vm.vendor" value="Sun Microsystems Inc."/>
    <property name="java.vendor.url" value="http://java.sun.com/"/>
    <property name="path.separator" value=":"/>
    <property name="java.vm.name" value="OpenJDK 64-Bit Server VM"/>
    <property name="file.encoding.pkg" value="sun.io"/>
    <property name="user.country" value="US"/>
    <property name="sun.java.launcher" value="SUN_STANDARD"/>
    <property name="sun.os.patch.level" value="unknown"/>
    <property name="java.vm.specification.name" value="Java Virtual Machine Specification"/>
    <property name="user.dir" value="/home/agomes/Downloads/displaytag-master/displaytag"/>
    <property name="java.runtime.version" value="1.6.0_24-b24"/>
    <property name="java.awt.graphicsenv" value="sun.awt.X11GraphicsEnvironment"/>
    <property name="basedir" value="/home/agomes/Downloads/displaytag-master/displaytag"/>
    <property name="java.endorsed.dirs" value="/usr/lib/jvm/java-6-openjdk-amd64/jre/lib/endorsed"/>
    <property name="os.arch" value="amd64"/>
    <property name="surefire.real.class.path" value="/tmp/surefirebooter8226568931604026901.jar"/>
    <property name="java.io.tmpdir" value="/tmp"/>
    <property name="line.separator" value="
"/>
    <property name="java.vm.specification.vendor" value="Sun Microsystems Inc."/>
    <property name="os.name" value="Linux"/>
    <property name="sun.jnu.encoding" value="UTF-8"/>
    <property name="java.library.path" value="/usr/lib/jvm/java-6-openjdk-amd64/jre/lib/amd64/server:/usr/lib/jvm/java-6-openjdk-amd64/jre/lib/amd64:/usr/lib/jvm/java-6-openjdk-amd64/jre/../lib/amd64:/usr/java/packages/lib/amd64:/usr/lib/x86_64-linux-gnu/jni:/lib/x86_64-linux-gnu:/usr/lib/x86_64-linux-gnu:/usr/lib/jni:/lib:/usr/lib"/>
    <property name="surefire.test.class.path" value="/home/agomes/Downloads/displaytag-master/displaytag/target/test-classes:/home/agomes/Downloads/displaytag-master/displaytag/target/classes:/home/agomes/.m2/repository/tomcat/jasper-compiler-jdt/5.5.12/jasper-compiler-jdt-5.5.12.jar:/home/agomes/.m2/repository/junit/junit/4.5/junit-4.5.jar:/home/agomes/.m2/repository/httpunit/httpunit/1.6.2/httpunit-1.6.2.jar:/home/agomes/.m2/repository/jtidy/jtidy/4aug2000r7-dev/jtidy-4aug2000r7-dev.jar:/home/agomes/.m2/repository/javax/servlet/servlet-api/2.4/servlet-api-2.4.jar:/home/agomes/.m2/repository/commons-el/commons-el/1.0/commons-el-1.0.jar:/home/agomes/.m2/repository/commons-collections/commons-collections/3.1/commons-collections-3.1.jar:/home/agomes/.m2/repository/javax/servlet/jsp-api/2.0/jsp-api-2.0.jar:/home/agomes/.m2/repository/ognl/ognl/2.6.5/ognl-2.6.5.jar:/home/agomes/.m2/repository/opensymphony/xwork/1.0.3/xwork-1.0.3.jar:/home/agomes/.m2/repository/tomcat/jasper-runtime/5.5.12/jasper-runtime-5.5.12.jar:/home/agomes/.m2/repository/commons-lang/commons-lang/2.4/commons-lang-2.4.jar:/home/agomes/.m2/repository/log4j/log4j/1.2.13/log4j-1.2.13.jar:/home/agomes/.m2/repository/com/lowagie/itext-rtf/2.1.7/itext-rtf-2.1.7.jar:/home/agomes/.m2/repository/bouncycastle/bcmail-jdk14/138/bcmail-jdk14-138.jar:/home/agomes/.m2/repository/bouncycastle/bcprov-jdk14/138/bcprov-jdk14-138.jar:/home/agomes/.m2/repository/org/bouncycastle/bctsp-jdk14/1.38/bctsp-jdk14-1.38.jar:/home/agomes/.m2/repository/org/bouncycastle/bcprov-jdk14/1.38/bcprov-jdk14-1.38.jar:/home/agomes/.m2/repository/org/bouncycastle/bcmail-jdk14/1.38/bcmail-jdk14-1.38.jar:/home/agomes/.m2/repository/com/lowagie/itext/2.1.7/itext-2.1.7.jar:/home/agomes/.m2/repository/xmlunit/xmlunit/1.1/xmlunit-1.1.jar:/home/agomes/.m2/repository/org/apache/xmlgraphics/fop/0.95/fop-0.95.jar:/home/agomes/.m2/repository/org/apache/xmlgraphics/xmlgraphics-commons/1.3.1/xmlgraphics-commons-1.3.1.jar:/home/agomes/.m2/repository/org/apache/xmlgraphics/batik-svg-dom/1.7/batik-svg-dom-1.7.jar:/home/agomes/.m2/repository/org/apache/xmlgraphics/batik-anim/1.7/batik-anim-1.7.jar:/home/agomes/.m2/repository/org/apache/xmlgraphics/batik-css/1.7/batik-css-1.7.jar:/home/agomes/.m2/repository/org/apache/xmlgraphics/batik-dom/1.7/batik-dom-1.7.jar:/home/agomes/.m2/repository/org/apache/xmlgraphics/batik-parser/1.7/batik-parser-1.7.jar:/home/agomes/.m2/repository/org/apache/xmlgraphics/batik-util/1.7/batik-util-1.7.jar:/home/agomes/.m2/repository/xml-apis/xml-apis/1.3.04/xml-apis-1.3.04.jar:/home/agomes/.m2/repository/xml-apis/xml-apis-ext/1.3.04/xml-apis-ext-1.3.04.jar:/home/agomes/.m2/repository/org/apache/xmlgraphics/batik-bridge/1.7/batik-bridge-1.7.jar:/home/agomes/.m2/repository/org/apache/xmlgraphics/batik-script/1.7/batik-script-1.7.jar:/home/agomes/.m2/repository/org/apache/xmlgraphics/batik-js/1.7/batik-js-1.7.jar:/home/agomes/.m2/repository/org/apache/xmlgraphics/batik-xml/1.7/batik-xml-1.7.jar:/home/agomes/.m2/repository/xalan/xalan/2.6.0/xalan-2.6.0.jar:/home/agomes/.m2/repository/org/apache/xmlgraphics/batik-awt-util/1.7/batik-awt-util-1.7.jar:/home/agomes/.m2/repository/org/apache/xmlgraphics/batik-gvt/1.7/batik-gvt-1.7.jar:/home/agomes/.m2/repository/org/apache/xmlgraphics/batik-transcoder/1.7/batik-transcoder-1.7.jar:/home/agomes/.m2/repository/org/apache/xmlgraphics/batik-svggen/1.7/batik-svggen-1.7.jar:/home/agomes/.m2/repository/org/apache/xmlgraphics/batik-extension/1.7/batik-extension-1.7.jar:/home/agomes/.m2/repository/org/apache/xmlgraphics/batik-ext/1.7/batik-ext-1.7.jar:/home/agomes/.m2/repository/commons-logging/commons-logging/1.0.4/commons-logging-1.0.4.jar:/home/agomes/.m2/repository/commons-io/commons-io/1.3.1/commons-io-1.3.1.jar:/home/agomes/.m2/repository/org/apache/avalon/framework/avalon-framework-api/4.3.1/avalon-framework-api-4.3.1.jar:/home/agomes/.m2/repository/commons-beanutils/commons-beanutils/1.7.0/commons-beanutils-1.7.0.jar:/home/agomes/.m2/repository/struts/struts/1.2.7/struts-1.2.7.jar:/home/agomes/.m2/repository/commons-chain/commons-chain/1.0/commons-chain-1.0.jar:/home/agomes/.m2/repository/commons-digester/commons-digester/1.6/commons-digester-1.6.jar:/home/agomes/.m2/repository/commons-fileupload/commons-fileupload/1.0/commons-fileupload-1.0.jar:/home/agomes/.m2/repository/commons-validator/commons-validator/1.1.4/commons-validator-1.1.4.jar:/home/agomes/.m2/repository/oro/oro/2.0.8/oro-2.0.8.jar:/home/agomes/.m2/repository/antlr/antlr/2.7.2/antlr-2.7.2.jar:/home/agomes/.m2/repository/tomcat/jasper-compiler/5.5.12/jasper-compiler-5.5.12.jar:/home/agomes/.m2/repository/javax/servlet/jstl/1.1.2/jstl-1.1.2.jar:/home/agomes/.m2/repository/org/slf4j/jcl-over-slf4j/1.5.6/jcl-over-slf4j-1.5.6.jar:/home/agomes/.m2/repository/org/slf4j/slf4j-log4j12/1.5.6/slf4j-log4j12-1.5.6.jar:/home/agomes/.m2/repository/org/slf4j/slf4j-api/1.5.6/slf4j-api-1.5.6.jar:/home/agomes/.m2/repository/org/springframework/spring-webmvc/2.0.6/spring-webmvc-2.0.6.jar:/home/agomes/.m2/repository/org/springframework/spring-beans/2.0.6/spring-beans-2.0.6.jar:/home/agomes/.m2/repository/org/springframework/spring-context/2.0.6/spring-context-2.0.6.jar:/home/agomes/.m2/repository/aopalliance/aopalliance/1.0/aopalliance-1.0.jar:/home/agomes/.m2/repository/org/springframework/spring-core/2.0.6/spring-core-2.0.6.jar:/home/agomes/.m2/repository/org/springframework/spring-support/2.0.6/spring-support-2.0.6.jar:/home/agomes/.m2/repository/org/springframework/spring-web/2.0.6/spring-web-2.0.6.jar:/home/agomes/.m2/repository/opensymphony/oscore/2.2.4/oscore-2.2.4.jar:/home/agomes/.m2/repository/taglibs/standard/1.0.6/standard-1.0.6.jar:/home/agomes/.m2/repository/opensymphony/webwork/2.1.5/webwork-2.1.5.jar:"/>
    <property name="java.specification.name" value="Java Platform API Specification"/>
    <property name="java.class.version" value="50.0"/>
    <property name="sun.management.compiler" value="HotSpot 64-Bit Tiered Compilers"/>
    <property name="os.version" value="3.2.0-35-generic"/>
    <property name="user.home" value="/home/agomes"/>
    <property name="user.timezone" value="Europe/Lisbon"/>
    <property name="java.awt.printerjob" value="sun.print.PSPrinterJob"/>
    <property name="java.specification.version" value="1.6"/>
    <property name="file.encoding" value="utf-8"/>
    <property name="user.name" value="agomes"/>
    <property name="java.class.path" value="/home/agomes/Downloads/displaytag-master/displaytag/target/test-classes:/home/agomes/Downloads/displaytag-master/displaytag/target/classes:/home/agomes/.m2/repository/tomcat/jasper-compiler-jdt/5.5.12/jasper-compiler-jdt-5.5.12.jar:/home/agomes/.m2/repository/junit/junit/4.5/junit-4.5.jar:/home/agomes/.m2/repository/httpunit/httpunit/1.6.2/httpunit-1.6.2.jar:/home/agomes/.m2/repository/jtidy/jtidy/4aug2000r7-dev/jtidy-4aug2000r7-dev.jar:/home/agomes/.m2/repository/javax/servlet/servlet-api/2.4/servlet-api-2.4.jar:/home/agomes/.m2/repository/commons-el/commons-el/1.0/commons-el-1.0.jar:/home/agomes/.m2/repository/commons-collections/commons-collections/3.1/commons-collections-3.1.jar:/home/agomes/.m2/repository/javax/servlet/jsp-api/2.0/jsp-api-2.0.jar:/home/agomes/.m2/repository/ognl/ognl/2.6.5/ognl-2.6.5.jar:/home/agomes/.m2/repository/opensymphony/xwork/1.0.3/xwork-1.0.3.jar:/home/agomes/.m2/repository/tomcat/jasper-runtime/5.5.12/jasper-runtime-5.5.12.jar:/home/agomes/.m2/repository/commons-lang/commons-lang/2.4/commons-lang-2.4.jar:/home/agomes/.m2/repository/log4j/log4j/1.2.13/log4j-1.2.13.jar:/home/agomes/.m2/repository/com/lowagie/itext-rtf/2.1.7/itext-rtf-2.1.7.jar:/home/agomes/.m2/repository/bouncycastle/bcmail-jdk14/138/bcmail-jdk14-138.jar:/home/agomes/.m2/repository/bouncycastle/bcprov-jdk14/138/bcprov-jdk14-138.jar:/home/agomes/.m2/repository/org/bouncycastle/bctsp-jdk14/1.38/bctsp-jdk14-1.38.jar:/home/agomes/.m2/repository/org/bouncycastle/bcprov-jdk14/1.38/bcprov-jdk14-1.38.jar:/home/agomes/.m2/repository/org/bouncycastle/bcmail-jdk14/1.38/bcmail-jdk14-1.38.jar:/home/agomes/.m2/repository/com/lowagie/itext/2.1.7/itext-2.1.7.jar:/home/agomes/.m2/repository/xmlunit/xmlunit/1.1/xmlunit-1.1.jar:/home/agomes/.m2/repository/org/apache/xmlgraphics/fop/0.95/fop-0.95.jar:/home/agomes/.m2/repository/org/apache/xmlgraphics/xmlgraphics-commons/1.3.1/xmlgraphics-commons-1.3.1.jar:/home/agomes/.m2/repository/org/apache/xmlgraphics/batik-svg-dom/1.7/batik-svg-dom-1.7.jar:/home/agomes/.m2/repository/org/apache/xmlgraphics/batik-anim/1.7/batik-anim-1.7.jar:/home/agomes/.m2/repository/org/apache/xmlgraphics/batik-css/1.7/batik-css-1.7.jar:/home/agomes/.m2/repository/org/apache/xmlgraphics/batik-dom/1.7/batik-dom-1.7.jar:/home/agomes/.m2/repository/org/apache/xmlgraphics/batik-parser/1.7/batik-parser-1.7.jar:/home/agomes/.m2/repository/org/apache/xmlgraphics/batik-util/1.7/batik-util-1.7.jar:/home/agomes/.m2/repository/xml-apis/xml-apis/1.3.04/xml-apis-1.3.04.jar:/home/agomes/.m2/repository/xml-apis/xml-apis-ext/1.3.04/xml-apis-ext-1.3.04.jar:/home/agomes/.m2/repository/org/apache/xmlgraphics/batik-bridge/1.7/batik-bridge-1.7.jar:/home/agomes/.m2/repository/org/apache/xmlgraphics/batik-script/1.7/batik-script-1.7.jar:/home/agomes/.m2/repository/org/apache/xmlgraphics/batik-js/1.7/batik-js-1.7.jar:/home/agomes/.m2/repository/org/apache/xmlgraphics/batik-xml/1.7/batik-xml-1.7.jar:/home/agomes/.m2/repository/xalan/xalan/2.6.0/xalan-2.6.0.jar:/home/agomes/.m2/repository/org/apache/xmlgraphics/batik-awt-util/1.7/batik-awt-util-1.7.jar:/home/agomes/.m2/repository/org/apache/xmlgraphics/batik-gvt/1.7/batik-gvt-1.7.jar:/home/agomes/.m2/repository/org/apache/xmlgraphics/batik-transcoder/1.7/batik-transcoder-1.7.jar:/home/agomes/.m2/repository/org/apache/xmlgraphics/batik-svggen/1.7/batik-svggen-1.7.jar:/home/agomes/.m2/repository/org/apache/xmlgraphics/batik-extension/1.7/batik-extension-1.7.jar:/home/agomes/.m2/repository/org/apache/xmlgraphics/batik-ext/1.7/batik-ext-1.7.jar:/home/agomes/.m2/repository/commons-logging/commons-logging/1.0.4/commons-logging-1.0.4.jar:/home/agomes/.m2/repository/commons-io/commons-io/1.3.1/commons-io-1.3.1.jar:/home/agomes/.m2/repository/org/apache/avalon/framework/avalon-framework-api/4.3.1/avalon-framework-api-4.3.1.jar:/home/agomes/.m2/repository/commons-beanutils/commons-beanutils/1.7.0/commons-beanutils-1.7.0.jar:/home/agomes/.m2/repository/struts/struts/1.2.7/struts-1.2.7.jar:/home/agomes/.m2/repository/commons-chain/commons-chain/1.0/commons-chain-1.0.jar:/home/agomes/.m2/repository/commons-digester/commons-digester/1.6/commons-digester-1.6.jar:/home/agomes/.m2/repository/commons-fileupload/commons-fileupload/1.0/commons-fileupload-1.0.jar:/home/agomes/.m2/repository/commons-validator/commons-validator/1.1.4/commons-validator-1.1.4.jar:/home/agomes/.m2/repository/oro/oro/2.0.8/oro-2.0.8.jar:/home/agomes/.m2/repository/antlr/antlr/2.7.2/antlr-2.7.2.jar:/home/agomes/.m2/repository/tomcat/jasper-compiler/5.5.12/jasper-compiler-5.5.12.jar:/home/agomes/.m2/repository/javax/servlet/jstl/1.1.2/jstl-1.1.2.jar:/home/agomes/.m2/repository/org/slf4j/jcl-over-slf4j/1.5.6/jcl-over-slf4j-1.5.6.jar:/home/agomes/.m2/repository/org/slf4j/slf4j-log4j12/1.5.6/slf4j-log4j12-1.5.6.jar:/home/agomes/.m2/repository/org/slf4j/slf4j-api/1.5.6/slf4j-api-1.5.6.jar:/home/agomes/.m2/repository/org/springframework/spring-webmvc/2.0.6/spring-webmvc-2.0.6.jar:/home/agomes/.m2/repository/org/springframework/spring-beans/2.0.6/spring-beans-2.0.6.jar:/home/agomes/.m2/repository/org/springframework/spring-context/2.0.6/spring-context-2.0.6.jar:/home/agomes/.m2/repository/aopalliance/aopalliance/1.0/aopalliance-1.0.jar:/home/agomes/.m2/repository/org/springframework/spring-core/2.0.6/spring-core-2.0.6.jar:/home/agomes/.m2/repository/org/springframework/spring-support/2.0.6/spring-support-2.0.6.jar:/home/agomes/.m2/repository/org/springframework/spring-web/2.0.6/spring-web-2.0.6.jar:/home/agomes/.m2/repository/opensymphony/oscore/2.2.4/oscore-2.2.4.jar:/home/agomes/.m2/repository/taglibs/standard/1.0.6/standard-1.0.6.jar:/home/agomes/.m2/repository/opensymphony/webwork/2.1.5/webwork-2.1.5.jar:"/>
    <property name="java.vm.specification.version" value="1.0"/>
    <property name="sun.arch.data.model" value="64"/>
    <property name="java.home" value="/usr/lib/jvm/java-6-openjdk-amd64/jre"/>
    <property name="sun.java.command" value="/tmp/surefirebooter8226568931604026901.jar /tmp/surefire1174620633519649455tmp /tmp/surefire6198787750022862856tmp"/>
    <property name="java.specification.vendor" value="Sun Microsystems Inc."/>
    <property name="user.language" value="en"/>
    <property name="java.vm.info" value="mixed mode"/>
    <property name="java.version" value="1.6.0_24"/>
    <property name="java.ext.dirs" value="/usr/lib/jvm/java-6-openjdk-amd64/jre/lib/ext:/usr/java/packages/lib/ext"/>
    <property name="sun.boot.class.path" value="/usr/lib/jvm/java-6-openjdk-amd64/jre/lib/resources.jar:/usr/lib/jvm/java-6-openjdk-amd64/jre/lib/rt.jar:/usr/lib/jvm/java-6-openjdk-amd64/jre/lib/sunrsasign.jar:/usr/lib/jvm/java-6-openjdk-amd64/jre/lib/jsse.jar:/usr/lib/jvm/java-6-openjdk-amd64/jre/lib/jce.jar:/usr/lib/jvm/java-6-openjdk-amd64/jre/lib/charsets.jar:/usr/lib/jvm/java-6-openjdk-amd64/jre/lib/netx.jar:/usr/lib/jvm/java-6-openjdk-amd64/jre/lib/plugin.jar:/usr/lib/jvm/java-6-openjdk-amd64/jre/lib/rhino.jar:/usr/lib/jvm/java-6-openjdk-amd64/jre/lib/modules/jdk.boot.jar:/usr/lib/jvm/java-6-openjdk-amd64/jre/classes"/>
    <property name="java.vendor" value="Sun Microsystems Inc."/>
    <property name="localRepository" value="/home/agomes/.m2/repository"/>
    <property name="file.separator" value="/"/>
    <property name="java.vendor.url.bug" value="http://java.sun.com/cgi-bin/bugreport.cgi"/>
    <property name="sun.cpu.endian" value="little"/>
    <property name="sun.io.unicode.encoding" value="UnicodeLittle"/>
    <property name="sun.desktop" value="gnome"/>
    <property name="sun.cpu.isalist" value=""/>
  </properties>
  <testcase time="0.038" classname="org.displaytag.jsptests.Displ209Test" name="doTest"/>
</testsuite>